<?xml version="1.0" encoding="UTF-8"?>
<!-- Generated by org.testng.reporters.JUnitReportReporter -->
<testsuite name="testng.maventest" tests="1" time="0.019" ignored="0" failures="0" timestamp="06 Jul 2018 00:20:02 GMT" skipped="0" hostname="gopesh" errors="0">
  <testcase name="print" time="0.019" classname="testng.maventest"/>
</testsuite> <!-- testng.maventest -->
